<?xml version="1.0" encoding="UTF-8"?>
<testng-results skipped="0" failed="0" ignored="0" total="1" passed="1">
  <reporter-output>
  </reporter-output>
  <suite name="Suite" duration-ms="81703" started-at="2020-09-20T23:49:29 BDT" finished-at="2020-09-20T23:50:51 BDT">
    <groups>
    </groups>
    <test name="Test" duration-ms="81703" started-at="2020-09-20T23:49:29 BDT" finished-at="2020-09-20T23:50:51 BDT">
      <class name="com.busbd.tcase.TC_BuyTicket_002">
        <test-method status="PASS" signature="setup(java.lang.String)[pri:0, instance:com.busbd.tcase.TC_BuyTicket_002@2c039ac6]" name="setup" is-config="true" duration-ms="4486" started-at="2020-09-20T23:49:29 BDT" finished-at="2020-09-20T23:49:34 BDT">
          <params>
            <param index="0">
              <value>
                <![CDATA[firefox]]>
              </value>
            </param>
          </params>
          <reporter-output>
          </reporter-output>
        </test-method> <!-- setup -->
        <test-method status="PASS" signature="buyTicket()[pri:0, instance:com.busbd.tcase.TC_BuyTicket_002@2c039ac6]" name="buyTicket" duration-ms="72704" started-at="2020-09-20T23:49:34 BDT" finished-at="2020-09-20T23:50:47 BDT">
          <reporter-output>
          </reporter-output>
        </test-method> <!-- buyTicket -->
        <test-method status="PASS" signature="teardown()[pri:0, instance:com.busbd.tcase.TC_BuyTicket_002@2c039ac6]" name="teardown" is-config="true" duration-ms="4326" started-at="2020-09-20T23:50:47 BDT" finished-at="2020-09-20T23:50:51 BDT">
          <reporter-output>
          </reporter-output>
        </test-method> <!-- teardown -->
      </class> <!-- com.busbd.tcase.TC_BuyTicket_002 -->
    </test> <!-- Test -->
  </suite> <!-- Suite -->
</testng-results>
